# JRE version: OpenJDK Runtime Environment Temurin-17.0.4.1+1 (17.0.4.1+1) (build 17.0.4.1+1)
# Java VM: OpenJDK 64-Bit Server VM Temurin-17.0.4.1+1 (17.0.4.1+1, mixed mode, tiered, compressed oops, compressed class ptrs, parallel gc, windows-amd64)
GC Precious Log:
 CPUs: 16 total, 16 available
 Memory: 23857M
 Large Page Support: Disabled
 NUMA Support: Disabled
 Compressed Oops: Enabled (32-bit)
 Alignments: Space 512K, Generation 512K, Heap 2M
 Heap Min Capacity: 100M
 Heap Initial Capacity: 100M
 Heap Max Capacity: 1G
 Pre-touch: Disabled
 Parallel Workers: 13
Heap:
 PSYoungGen      total 12800K, used 4906K [0x00000000eab00000, 0x00000000ec300000, 0x0000000100000000)
  eden space 8192K, 3% used [0x00000000eab00000,0x00000000eab4b9b0,0x00000000eb300000)
  from space 4608K, 99% used [0x00000000eb380000,0x00000000eb7ff230,0x00000000eb800000)
  to   space 8192K, 0% used [0x00000000ebb00000,0x00000000ebb00000,0x00000000ec300000)
 ParOldGen       total 156160K, used 123015K [0x00000000c0000000, 0x00000000c9880000, 0x00000000eab00000)
  object space 156160K, 78% used [0x00000000c0000000,0x00000000c7821ff0,0x00000000c9880000)
 Metaspace       used 84530K, committed 85760K, reserved 1130496K
  class space    used 9536K, committed 10048K, reserved 1048576K
GC Heap History (20 events):
Event: 502.713 GC heap before
{Heap before GC invocations=395 (full 15):
 PSYoungGen      total 6144K, used 6144K [0x00000000eab00000, 0x00000000eba80000, 0x0000000100000000)
  eden space 3584K, 100% used [0x00000000eab00000,0x00000000eae80000,0x00000000eae80000)
  from space 2560K, 100% used [0x00000000eae80000,0x00000000eb100000,0x00000000eb100000)
  to   space 5632K, 0% used [0x00000000eb500000,0x00000000eb500000,0x00000000eba80000)
 ParOldGen       total 149504K, used 134784K [0x00000000c0000000, 0x00000000c9200000, 0x00000000eab00000)
  object space 149504K, 90% used [0x00000000c0000000,0x00000000c83a00f0,0x00000000c9200000)
 Metaspace       used 84375K, committed 85568K, reserved 1130496K
  class space    used 9535K, committed 10048K, reserved 1048576K
}
Event: 502.716 GC heap after
{Heap after GC invocations=395 (full 15):
 PSYoungGen      total 8704K, used 3748K [0x00000000eab00000, 0x00000000eb900000, 0x0000000100000000)
  eden space 4608K, 0% used [0x00000000eab00000,0x00000000eab00000,0x00000000eaf80000)
  from space 4096K, 91% used [0x00000000eb500000,0x00000000eb8a9040,0x00000000eb900000)
  to   space 4608K, 0% used [0x00000000eb000000,0x00000000eb000000,0x00000000eb480000)
 ParOldGen       total 149504K, used 136280K [0x00000000c0000000, 0x00000000c9200000, 0x00000000eab00000)
  object space 149504K, 91% used [0x00000000c0000000,0x00000000c85160f0,0x00000000c9200000)
 Metaspace       used 84375K, committed 85568K, reserved 1130496K
  class space    used 9535K, committed 10048K, reserved 1048576K
}
Event: 502.721 GC heap before
{Heap before GC invocations=396 (full 15):
 PSYoungGen      total 8704K, used 8356K [0x00000000eab00000, 0x00000000eb900000, 0x0000000100000000)
  eden space 4608K, 100% used [0x00000000eab00000,0x00000000eaf80000,0x00000000eaf80000)
  from space 4096K, 91% used [0x00000000eb500000,0x00000000eb8a9040,0x00000000eb900000)
  to   space 4608K, 0% used [0x00000000eb000000,0x00000000eb000000,0x00000000eb480000)
 ParOldGen       total 149504K, used 136280K [0x00000000c0000000, 0x00000000c9200000, 0x00000000eab00000)
  object space 149504K, 91% used [0x00000000c0000000,0x00000000c85160f0,0x00000000c9200000)
 Metaspace       used 84375K, committed 85568K, reserved 1130496K
  class space    used 9535K, committed 10048K, reserved 1048576K
}
Event: 502.723 GC heap after
{Heap after GC invocations=396 (full 15):
 PSYoungGen      total 9728K, used 4608K [0x00000000eab00000, 0x00000000ec280000, 0x0000000100000000)
  eden space 5120K, 0% used [0x00000000eab00000,0x00000000eab00000,0x00000000eb000000)
  from space 4608K, 100% used [0x00000000eb000000,0x00000000eb480000,0x00000000eb480000)
  to   space 9216K, 0% used [0x00000000eb980000,0x00000000eb980000,0x00000000ec280000)
 ParOldGen       total 149504K, used 139980K [0x00000000c0000000, 0x00000000c9200000, 0x00000000eab00000)
  object space 149504K, 93% used [0x00000000c0000000,0x00000000c88b3130,0x00000000c9200000)
 Metaspace       used 84375K, committed 85568K, reserved 1130496K
  class space    used 9535K, committed 10048K, reserved 1048576K
}
Event: 503.262 GC heap before
{Heap before GC invocations=397 (full 15):
 PSYoungGen      total 9728K, used 9727K [0x00000000eab00000, 0x00000000ec280000, 0x0000000100000000)
  eden space 5120K, 99% used [0x00000000eab00000,0x00000000eafffed8,0x00000000eb000000)
  from space 4608K, 100% used [0x00000000eb000000,0x00000000eb480000,0x00000000eb480000)
  to   space 9216K, 0% used [0x00000000eb980000,0x00000000eb980000,0x00000000ec280000)
 ParOldGen       total 149504K, used 139980K [0x00000000c0000000, 0x00000000c9200000, 0x00000000eab00000)
  object space 149504K, 93% used [0x00000000c0000000,0x00000000c88b3130,0x00000000c9200000)
 Metaspace       used 84375K, committed 85568K, reserved 1130496K
  class space    used 9535K, committed 10048K, reserved 1048576K
}
Event: 503.265 GC heap after
{Heap after GC invocations=397 (full 15):
 PSYoungGen      total 9728K, used 3168K [0x00000000eab00000, 0x00000000ebd00000, 0x0000000100000000)
  eden space 6144K, 0% used [0x00000000eab00000,0x00000000eab00000,0x00000000eb100000)
  from space 3584K, 88% used [0x00000000eb980000,0x00000000ebc98000,0x00000000ebd00000)
  to   space 5120K, 0% used [0x00000000eb300000,0x00000000eb300000,0x00000000eb800000)
 ParOldGen       total 149504K, used 144604K [0x00000000c0000000, 0x00000000c9200000, 0x00000000eab00000)
  object space 149504K, 96% used [0x00000000c0000000,0x00000000c8d37130,0x00000000c9200000)
 Metaspace       used 84375K, committed 85568K, reserved 1130496K
  class space    used 9535K, committed 10048K, reserved 1048576K
}
Event: 503.274 GC heap before
{Heap before GC invocations=398 (full 15):
 PSYoungGen      total 9728K, used 9312K [0x00000000eab00000, 0x00000000ebd00000, 0x0000000100000000)
  eden space 6144K, 100% used [0x00000000eab00000,0x00000000eb100000,0x00000000eb100000)
  from space 3584K, 88% used [0x00000000eb980000,0x00000000ebc98000,0x00000000ebd00000)
  to   space 5120K, 0% used [0x00000000eb300000,0x00000000eb300000,0x00000000eb800000)
 ParOldGen       total 149504K, used 144604K [0x00000000c0000000, 0x00000000c9200000, 0x00000000eab00000)
  object space 149504K, 96% used [0x00000000c0000000,0x00000000c8d37130,0x00000000c9200000)
 Metaspace       used 84379K, committed 85568K, reserved 1130496K
  class space    used 9535K, committed 10048K, reserved 1048576K
}
Event: 503.276 GC heap after
{Heap after GC invocations=398 (full 15):
 PSYoungGen      total 10752K, used 2976K [0x00000000eab00000, 0x00000000eba00000, 0x0000000100000000)
  eden space 7680K, 0% used [0x00000000eab00000,0x00000000eab00000,0x00000000eb280000)
  from space 3072K, 96% used [0x00000000eb300000,0x00000000eb5e8138,0x00000000eb600000)
  to   space 3584K, 0% used [0x00000000eb680000,0x00000000eb680000,0x00000000eba00000)
 ParOldGen       total 149504K, used 147620K [0x00000000c0000000, 0x00000000c9200000, 0x00000000eab00000)
  object space 149504K, 98% used [0x00000000c0000000,0x00000000c9029130,0x00000000c9200000)
 Metaspace       used 84379K, committed 85568K, reserved 1130496K
  class space    used 9535K, committed 10048K, reserved 1048576K
}
Event: 503.276 GC heap before
{Heap before GC invocations=399 (full 16):
 PSYoungGen      total 10752K, used 2976K [0x00000000eab00000, 0x00000000eba00000, 0x0000000100000000)
  eden space 7680K, 0% used [0x00000000eab00000,0x00000000eab00000,0x00000000eb280000)
  from space 3072K, 96% used [0x00000000eb300000,0x00000000eb5e8138,0x00000000eb600000)
  to   space 3584K, 0% used [0x00000000eb680000,0x00000000eb680000,0x00000000eba00000)
 ParOldGen       total 149504K, used 147620K [0x00000000c0000000, 0x00000000c9200000, 0x00000000eab00000)
  object space 149504K, 98% used [0x00000000c0000000,0x00000000c9029130,0x00000000c9200000)
 Metaspace       used 84379K, committed 85568K, reserved 1130496K
  class space    used 9535K, committed 10048K, reserved 1048576K
}
Event: 503.319 GC heap after
{Heap after GC invocations=399 (full 16):
 PSYoungGen      total 11776K, used 0K [0x00000000eab00000, 0x00000000ebb00000, 0x0000000100000000)
  eden space 8192K, 0% used [0x00000000eab00000,0x00000000eab00000,0x00000000eb300000)
  from space 3584K, 0% used [0x00000000eb680000,0x00000000eb680000,0x00000000eba00000)
  to   space 3584K, 0% used [0x00000000eb300000,0x00000000eb300000,0x00000000eb680000)
 ParOldGen       total 156160K, used 113284K [0x00000000c0000000, 0x00000000c9880000, 0x00000000eab00000)
  object space 156160K, 72% used [0x00000000c0000000,0x00000000c6ea1370,0x00000000c9880000)
 Metaspace       used 84379K, committed 85568K, reserved 1130496K
  class space    used 9535K, committed 10048K, reserved 1048576K
}
Event: 503.328 GC heap before
{Heap before GC invocations=400 (full 16):
 PSYoungGen      total 11776K, used 8192K [0x00000000eab00000, 0x00000000ebb00000, 0x0000000100000000)
  eden space 8192K, 100% used [0x00000000eab00000,0x00000000eb300000,0x00000000eb300000)
  from space 3584K, 0% used [0x00000000eb680000,0x00000000eb680000,0x00000000eba00000)
  to   space 3584K, 0% used [0x00000000eb300000,0x00000000eb300000,0x00000000eb680000)
 ParOldGen       total 156160K, used 113284K [0x00000000c0000000, 0x00000000c9880000, 0x00000000eab00000)
  object space 156160K, 72% used [0x00000000c0000000,0x00000000c6ea1370,0x00000000c9880000)
 Metaspace       used 84381K, committed 85568K, reserved 1130496K
  class space    used 9536K, committed 10048K, reserved 1048576K
}
Event: 503.329 GC heap after
{Heap after GC invocations=400 (full 16):
 PSYoungGen      total 11776K, used 3561K [0x00000000eab00000, 0x00000000ebb00000, 0x0000000100000000)
  eden space 8192K, 0% used [0x00000000eab00000,0x00000000eab00000,0x00000000eb300000)
  from space 3584K, 99% used [0x00000000eb300000,0x00000000eb67a440,0x00000000eb680000)
  to   space 4096K, 0% used [0x00000000eb700000,0x00000000eb700000,0x00000000ebb00000)
 ParOldGen       total 156160K, used 113540K [0x00000000c0000000, 0x00000000c9880000, 0x00000000eab00000)
  object space 156160K, 72% used [0x00000000c0000000,0x00000000c6ee1370,0x00000000c9880000)
 Metaspace       used 84381K, committed 85568K, reserved 1130496K
  class space    used 9536K, committed 10048K, reserved 1048576K
}
Event: 503.818 GC heap before
{Heap before GC invocations=401 (full 16):
 PSYoungGen      total 11776K, used 11753K [0x00000000eab00000, 0x00000000ebb00000, 0x0000000100000000)
  eden space 8192K, 100% used [0x00000000eab00000,0x00000000eb300000,0x00000000eb300000)
  from space 3584K, 99% used [0x00000000eb300000,0x00000000eb67a440,0x00000000eb680000)
  to   space 4096K, 0% used [0x00000000eb700000,0x00000000eb700000,0x00000000ebb00000)
 ParOldGen       total 156160K, used 113540K [0x00000000c0000000, 0x00000000c9880000, 0x00000000eab00000)
  object space 156160K, 72% used [0x00000000c0000000,0x00000000c6ee1370,0x00000000c9880000)
 Metaspace       used 84421K, committed 85568K, reserved 1130496K
  class space    used 9536K, committed 10048K, reserved 1048576K
}
Event: 503.819 GC heap after
{Heap after GC invocations=401 (full 16):
 PSYoungGen      total 9728K, used 1034K [0x00000000eab00000, 0x00000000eb880000, 0x0000000100000000)
  eden space 8192K, 0% used [0x00000000eab00000,0x00000000eab00000,0x00000000eb300000)
  from space 1536K, 67% used [0x00000000eb700000,0x00000000eb802910,0x00000000eb880000)
  to   space 2560K, 0% used [0x00000000eb380000,0x00000000eb380000,0x00000000eb600000)
 ParOldGen       total 156160K, used 115052K [0x00000000c0000000, 0x00000000c9880000, 0x00000000eab00000)
  object space 156160K, 73% used [0x00000000c0000000,0x00000000c705b370,0x00000000c9880000)
 Metaspace       used 84421K, committed 85568K, reserved 1130496K
  class space    used 9536K, committed 10048K, reserved 1048576K
}
Event: 503.840 GC heap before
{Heap before GC invocations=402 (full 16):
 PSYoungGen      total 9728K, used 9226K [0x00000000eab00000, 0x00000000eb880000, 0x0000000100000000)
  eden space 8192K, 100% used [0x00000000eab00000,0x00000000eb300000,0x00000000eb300000)
  from space 1536K, 67% used [0x00000000eb700000,0x00000000eb802910,0x00000000eb880000)
  to   space 2560K, 0% used [0x00000000eb380000,0x00000000eb380000,0x00000000eb600000)
 ParOldGen       total 156160K, used 115052K [0x00000000c0000000, 0x00000000c9880000, 0x00000000eab00000)
  object space 156160K, 73% used [0x00000000c0000000,0x00000000c705b370,0x00000000c9880000)
 Metaspace       used 84441K, committed 85568K, reserved 1130496K
  class space    used 9536K, committed 10048K, reserved 1048576K
}
Event: 503.840 GC heap after
{Heap after GC invocations=402 (full 16):
 PSYoungGen      total 10752K, used 618K [0x00000000eab00000, 0x00000000eb780000, 0x0000000100000000)
  eden space 8192K, 0% used [0x00000000eab00000,0x00000000eab00000,0x00000000eb300000)
  from space 2560K, 24% used [0x00000000eb380000,0x00000000eb41a910,0x00000000eb600000)
  to   space 1024K, 0% used [0x00000000eb680000,0x00000000eb680000,0x00000000eb780000)
 ParOldGen       total 156160K, used 115905K [0x00000000c0000000, 0x00000000c9880000, 0x00000000eab00000)
  object space 156160K, 74% used [0x00000000c0000000,0x00000000c7130590,0x00000000c9880000)
 Metaspace       used 84441K, committed 85568K, reserved 1130496K
  class space    used 9536K, committed 10048K, reserved 1048576K
}
Event: 503.859 GC heap before
{Heap before GC invocations=403 (full 16):
 PSYoungGen      total 10752K, used 8810K [0x00000000eab00000, 0x00000000eb780000, 0x0000000100000000)
  eden space 8192K, 100% used [0x00000000eab00000,0x00000000eb300000,0x00000000eb300000)
  from space 2560K, 24% used [0x00000000eb380000,0x00000000eb41a910,0x00000000eb600000)
  to   space 1024K, 0% used [0x00000000eb680000,0x00000000eb680000,0x00000000eb780000)
 ParOldGen       total 156160K, used 115905K [0x00000000c0000000, 0x00000000c9880000, 0x00000000eab00000)
  object space 156160K, 74% used [0x00000000c0000000,0x00000000c7130590,0x00000000c9880000)
 Metaspace       used 84449K, committed 85568K, reserved 1130496K
  class space    used 9536K, committed 10048K, reserved 1048576K
}
Event: 503.860 GC heap after
{Heap after GC invocations=403 (full 16):
 PSYoungGen      total 9216K, used 1002K [0x00000000eab00000, 0x00000000eb800000, 0x0000000100000000)
  eden space 8192K, 0% used [0x00000000eab00000,0x00000000eab00000,0x00000000eb300000)
  from space 1024K, 97% used [0x00000000eb680000,0x00000000eb77a910,0x00000000eb780000)
  to   space 2560K, 0% used [0x00000000eb300000,0x00000000eb300000,0x00000000eb580000)
 ParOldGen       total 156160K, used 117114K [0x00000000c0000000, 0x00000000c9880000, 0x00000000eab00000)
  object space 156160K, 74% used [0x00000000c0000000,0x00000000c725e9d0,0x00000000c9880000)
 Metaspace       used 84449K, committed 85568K, reserved 1130496K
  class space    used 9536K, committed 10048K, reserved 1048576K
}
Event: 504.097 GC heap before
{Heap before GC invocations=404 (full 16):
 PSYoungGen      total 9216K, used 9194K [0x00000000eab00000, 0x00000000eb800000, 0x0000000100000000)
  eden space 8192K, 100% used [0x00000000eab00000,0x00000000eb300000,0x00000000eb300000)
  from space 1024K, 97% used [0x00000000eb680000,0x00000000eb77a910,0x00000000eb780000)
  to   space 2560K, 0% used [0x00000000eb300000,0x00000000eb300000,0x00000000eb580000)
 ParOldGen       total 156160K, used 117114K [0x00000000c0000000, 0x00000000c9880000, 0x00000000eab00000)
  object space 156160K, 74% used [0x00000000c0000000,0x00000000c725e9d0,0x00000000c9880000)
 Metaspace       used 84507K, committed 85632K, reserved 1130496K
  class space    used 9536K, committed 10048K, reserved 1048576K
}
Event: 504.098 GC heap after
{Heap after GC invocations=404 (full 16):
 PSYoungGen      total 10752K, used 2550K [0x00000000eab00000, 0x00000000ebd00000, 0x0000000100000000)
  eden space 8192K, 0% used [0x00000000eab00000,0x00000000eab00000,0x00000000eb300000)
  from space 2560K, 99% used [0x00000000eb300000,0x00000000eb57d930,0x00000000eb580000)
  to   space 5120K, 0% used [0x00000000eb800000,0x00000000eb800000,0x00000000ebd00000)
 ParOldGen       total 156160K, used 119198K [0x00000000c0000000, 0x00000000c9880000, 0x00000000eab00000)
  object space 156160K, 76% used [0x00000000c0000000,0x00000000c7467bf0,0x00000000c9880000)
 Metaspace       used 84507K, committed 85632K, reserved 1130496K
  class space    used 9536K, committed 10048K, reserved 1048576K
}

