# JRE version: OpenJDK Runtime Environment Temurin-17.0.4.1+1 (17.0.4.1+1) (build 17.0.4.1+1)
# Java VM: OpenJDK 64-Bit Server VM Temurin-17.0.4.1+1 (17.0.4.1+1, mixed mode, tiered, compressed oops, compressed class ptrs, g1 gc, windows-amd64)
GC Precious Log:
 CPUs: 16 total, 16 available
 Memory: 23857M
 Large Page Support: Disabled
 NUMA Support: Disabled
 Compressed Oops: Enabled (Zero based)
 Heap Region Size: 4M
 Heap Min Capacity: 8M
 Heap Initial Capacity: 376M
 Heap Max Capacity: 5968M
 Pre-touch: Disabled
 Parallel Workers: 13
 Concurrent Workers: 3
 Concurrent Refinement Workers: 13
 Periodic GC: Disabled
Heap:
 garbage-first heap   total 57344K, used 21281K [0x000000068b000000, 0x0000000800000000)
  region size 4096K, 3 young (12288K), 1 survivors (4096K)
 Metaspace       used 43515K, committed 43840K, reserved 1089536K
  class space    used 5331K, committed 5504K, reserved 1048576K
GC Heap History (18 events):
Event: 0.487 GC heap before
{Heap before GC invocations=0 (full 0):
 garbage-first heap   total 385024K, used 16384K [0x000000068b000000, 0x0000000800000000)
  region size 4096K, 5 young (20480K), 0 survivors (0K)
 Metaspace       used 14236K, committed 14464K, reserved 1064960K
  class space    used 1545K, committed 1664K, reserved 1048576K
}
Event: 0.490 GC heap after
{Heap after GC invocations=1 (full 0):
 garbage-first heap   total 385024K, used 6477K [0x000000068b000000, 0x0000000800000000)
  region size 4096K, 1 young (4096K), 1 survivors (4096K)
 Metaspace       used 14236K, committed 14464K, reserved 1064960K
  class space    used 1545K, committed 1664K, reserved 1048576K
}
Event: 0.763 GC heap before
{Heap before GC invocations=1 (full 0):
 garbage-first heap   total 385024K, used 22861K [0x000000068b000000, 0x0000000800000000)
  region size 4096K, 5 young (20480K), 1 survivors (4096K)
 Metaspace       used 18099K, committed 18368K, reserved 1073152K
  class space    used 2062K, committed 2176K, reserved 1048576K
}
Event: 0.765 GC heap after
{Heap after GC invocations=2 (full 0):
 garbage-first heap   total 385024K, used 7816K [0x000000068b000000, 0x0000000800000000)
  region size 4096K, 1 young (4096K), 1 survivors (4096K)
 Metaspace       used 18099K, committed 18368K, reserved 1073152K
  class space    used 2062K, committed 2176K, reserved 1048576K
}
Event: 0.880 GC heap before
{Heap before GC invocations=2 (full 0):
 garbage-first heap   total 385024K, used 20104K [0x000000068b000000, 0x0000000800000000)
  region size 4096K, 5 young (20480K), 1 survivors (4096K)
 Metaspace       used 21221K, committed 21504K, reserved 1073152K
  class space    used 2452K, committed 2624K, reserved 1048576K
}
Event: 0.881 GC heap after
{Heap after GC invocations=3 (full 0):
 garbage-first heap   total 385024K, used 8329K [0x000000068b000000, 0x0000000800000000)
  region size 4096K, 1 young (4096K), 1 survivors (4096K)
 Metaspace       used 21221K, committed 21504K, reserved 1073152K
  class space    used 2452K, committed 2624K, reserved 1048576K
}
Event: 1.250 GC heap before
{Heap before GC invocations=4 (full 0):
 garbage-first heap   total 57344K, used 37001K [0x000000068b000000, 0x0000000800000000)
  region size 4096K, 9 young (36864K), 1 survivors (4096K)
 Metaspace       used 26969K, committed 27200K, reserved 1073152K
  class space    used 3166K, committed 3264K, reserved 1048576K
}
Event: 1.253 GC heap after
{Heap after GC invocations=5 (full 0):
 garbage-first heap   total 57344K, used 10459K [0x000000068b000000, 0x0000000800000000)
  region size 4096K, 1 young (4096K), 1 survivors (4096K)
 Metaspace       used 26969K, committed 27200K, reserved 1073152K
  class space    used 3166K, committed 3264K, reserved 1048576K
}
Event: 1.293 GC heap before
{Heap before GC invocations=5 (full 0):
 garbage-first heap   total 57344K, used 14555K [0x000000068b000000, 0x0000000800000000)
  region size 4096K, 2 young (8192K), 1 survivors (4096K)
 Metaspace       used 27210K, committed 27520K, reserved 1081344K
  class space    used 3198K, committed 3328K, reserved 1048576K
}
Event: 1.295 GC heap after
{Heap after GC invocations=6 (full 0):
 garbage-first heap   total 57344K, used 10894K [0x000000068b000000, 0x0000000800000000)
  region size 4096K, 1 young (4096K), 1 survivors (4096K)
 Metaspace       used 27210K, committed 27520K, reserved 1081344K
  class space    used 3198K, committed 3328K, reserved 1048576K
}
Event: 1.614 GC heap before
{Heap before GC invocations=6 (full 0):
 garbage-first heap   total 57344K, used 31374K [0x000000068b000000, 0x0000000800000000)
  region size 4096K, 6 young (24576K), 1 survivors (4096K)
 Metaspace       used 30189K, committed 30464K, reserved 1081344K
  class space    used 3622K, committed 3712K, reserved 1048576K
}
Event: 1.615 GC heap after
{Heap after GC invocations=7 (full 0):
 garbage-first heap   total 57344K, used 11962K [0x000000068b000000, 0x0000000800000000)
  region size 4096K, 1 young (4096K), 1 survivors (4096K)
 Metaspace       used 30189K, committed 30464K, reserved 1081344K
  class space    used 3622K, committed 3712K, reserved 1048576K
}
Event: 1.979 GC heap before
{Heap before GC invocations=7 (full 0):
 garbage-first heap   total 57344K, used 32442K [0x000000068b000000, 0x0000000800000000)
  region size 4096K, 6 young (24576K), 1 survivors (4096K)
 Metaspace       used 33872K, committed 34176K, reserved 1081344K
  class space    used 4162K, committed 4288K, reserved 1048576K
}
Event: 1.981 GC heap after
{Heap after GC invocations=8 (full 0):
 garbage-first heap   total 57344K, used 14179K [0x000000068b000000, 0x0000000800000000)
  region size 4096K, 1 young (4096K), 1 survivors (4096K)
 Metaspace       used 33872K, committed 34176K, reserved 1081344K
  class space    used 4162K, committed 4288K, reserved 1048576K
}
Event: 2.155 GC heap before
{Heap before GC invocations=8 (full 0):
 garbage-first heap   total 57344K, used 26467K [0x000000068b000000, 0x0000000800000000)
  region size 4096K, 5 young (20480K), 1 survivors (4096K)
 Metaspace       used 35817K, committed 36160K, reserved 1081344K
  class space    used 4366K, committed 4544K, reserved 1048576K
}
Event: 2.158 GC heap after
{Heap after GC invocations=9 (full 0):
 garbage-first heap   total 57344K, used 15698K [0x000000068b000000, 0x0000000800000000)
  region size 4096K, 1 young (4096K), 1 survivors (4096K)
 Metaspace       used 35817K, committed 36160K, reserved 1081344K
  class space    used 4366K, committed 4544K, reserved 1048576K
}
Event: 2.448 GC heap before
{Heap before GC invocations=10 (full 0):
 garbage-first heap   total 57344K, used 32082K [0x000000068b000000, 0x0000000800000000)
  region size 4096K, 5 young (20480K), 1 survivors (4096K)
 Metaspace       used 40459K, committed 40832K, reserved 1089536K
  class space    used 4924K, committed 5120K, reserved 1048576K
}
Event: 2.450 GC heap after
{Heap after GC invocations=11 (full 0):
 garbage-first heap   total 57344K, used 17185K [0x000000068b000000, 0x0000000800000000)
  region size 4096K, 1 young (4096K), 1 survivors (4096K)
 Metaspace       used 40459K, committed 40832K, reserved 1089536K
  class space    used 4924K, committed 5120K, reserved 1048576K
}

