# JRE version: OpenJDK Runtime Environment Temurin-17.0.4.1+1 (17.0.4.1+1) (build 17.0.4.1+1)
# Java VM: OpenJDK 64-Bit Server VM Temurin-17.0.4.1+1 (17.0.4.1+1, mixed mode, tiered, compressed oops, compressed class ptrs, g1 gc, windows-amd64)
GC Precious Log:
 CPUs: 16 total, 16 available
 Memory: 23857M
 Large Page Support: Disabled
 NUMA Support: Disabled
 Compressed Oops: Enabled (Zero based)
 Heap Region Size: 4M
 Heap Min Capacity: 8M
 Heap Initial Capacity: 376M
 Heap Max Capacity: 5968M
 Pre-touch: Disabled
 Parallel Workers: 13
 Concurrent Workers: 3
 Concurrent Refinement Workers: 13
 Periodic GC: Disabled
Heap:
 garbage-first heap   total 57344K, used 25113K [0x000000068b000000, 0x0000000800000000)
  region size 4096K, 3 young (12288K), 1 survivors (4096K)
 Metaspace       used 59758K, committed 60224K, reserved 1105920K
  class space    used 7787K, committed 8000K, reserved 1048576K
GC Heap History (20 events):
Event: 1.067 GC heap before
{Heap before GC invocations=4 (full 0):
 garbage-first heap   total 57344K, used 32889K [0x000000068b000000, 0x0000000800000000)
  region size 4096K, 8 young (32768K), 1 survivors (4096K)
 Metaspace       used 26606K, committed 26880K, reserved 1073152K
  class space    used 3132K, committed 3264K, reserved 1048576K
}
Event: 1.069 GC heap after
{Heap after GC invocations=5 (full 0):
 garbage-first heap   total 57344K, used 10251K [0x000000068b000000, 0x0000000800000000)
  region size 4096K, 1 young (4096K), 1 survivors (4096K)
 Metaspace       used 26606K, committed 26880K, reserved 1073152K
  class space    used 3132K, committed 3264K, reserved 1048576K
}
Event: 1.110 GC heap before
{Heap before GC invocations=5 (full 0):
 garbage-first heap   total 57344K, used 14347K [0x000000068b000000, 0x0000000800000000)
  region size 4096K, 2 young (8192K), 1 survivors (4096K)
 Metaspace       used 27038K, committed 27328K, reserved 1073152K
  class space    used 3175K, committed 3264K, reserved 1048576K
}
Event: 1.112 GC heap after
{Heap after GC invocations=6 (full 0):
 garbage-first heap   total 57344K, used 10455K [0x000000068b000000, 0x0000000800000000)
  region size 4096K, 1 young (4096K), 1 survivors (4096K)
 Metaspace       used 27038K, committed 27328K, reserved 1073152K
  class space    used 3175K, committed 3264K, reserved 1048576K
}
Event: 1.435 GC heap before
{Heap before GC invocations=6 (full 0):
 garbage-first heap   total 57344K, used 35031K [0x000000068b000000, 0x0000000800000000)
  region size 4096K, 7 young (28672K), 1 survivors (4096K)
 Metaspace       used 30288K, committed 30528K, reserved 1081344K
  class space    used 3635K, committed 3712K, reserved 1048576K
}
Event: 1.437 GC heap after
{Heap after GC invocations=7 (full 0):
 garbage-first heap   total 57344K, used 11513K [0x000000068b000000, 0x0000000800000000)
  region size 4096K, 1 young (4096K), 1 survivors (4096K)
 Metaspace       used 30288K, committed 30528K, reserved 1081344K
  class space    used 3635K, committed 3712K, reserved 1048576K
}
Event: 1.763 GC heap before
{Heap before GC invocations=7 (full 0):
 garbage-first heap   total 57344K, used 31993K [0x000000068b000000, 0x0000000800000000)
  region size 4096K, 6 young (24576K), 1 survivors (4096K)
 Metaspace       used 33980K, committed 34304K, reserved 1081344K
  class space    used 4169K, committed 4288K, reserved 1048576K
}
Event: 1.766 GC heap after
{Heap after GC invocations=8 (full 0):
 garbage-first heap   total 57344K, used 13696K [0x000000068b000000, 0x0000000800000000)
  region size 4096K, 1 young (4096K), 1 survivors (4096K)
 Metaspace       used 33980K, committed 34304K, reserved 1081344K
  class space    used 4169K, committed 4288K, reserved 1048576K
}
Event: 1.930 GC heap before
{Heap before GC invocations=8 (full 0):
 garbage-first heap   total 57344K, used 25984K [0x000000068b000000, 0x0000000800000000)
  region size 4096K, 5 young (20480K), 1 survivors (4096K)
 Metaspace       used 35816K, committed 36160K, reserved 1081344K
  class space    used 4365K, committed 4544K, reserved 1048576K
}
Event: 1.933 GC heap after
{Heap after GC invocations=9 (full 0):
 garbage-first heap   total 57344K, used 15185K [0x000000068b000000, 0x0000000800000000)
  region size 4096K, 1 young (4096K), 1 survivors (4096K)
 Metaspace       used 35816K, committed 36160K, reserved 1081344K
  class space    used 4365K, committed 4544K, reserved 1048576K
}
Event: 2.261 GC heap before
{Heap before GC invocations=10 (full 0):
 garbage-first heap   total 57344K, used 31569K [0x000000068b000000, 0x0000000800000000)
  region size 4096K, 5 young (20480K), 1 survivors (4096K)
 Metaspace       used 40641K, committed 40960K, reserved 1089536K
  class space    used 4944K, committed 5120K, reserved 1048576K
}
Event: 2.263 GC heap after
{Heap after GC invocations=11 (full 0):
 garbage-first heap   total 57344K, used 16776K [0x000000068b000000, 0x0000000800000000)
  region size 4096K, 1 young (4096K), 1 survivors (4096K)
 Metaspace       used 40641K, committed 40960K, reserved 1089536K
  class space    used 4944K, committed 5120K, reserved 1048576K
}
Event: 2.607 GC heap before
{Heap before GC invocations=11 (full 0):
 garbage-first heap   total 57344K, used 37256K [0x000000068b000000, 0x0000000800000000)
  region size 4096K, 6 young (24576K), 1 survivors (4096K)
 Metaspace       used 44746K, committed 45120K, reserved 1089536K
  class space    used 5458K, committed 5632K, reserved 1048576K
}
Event: 2.609 GC heap after
{Heap after GC invocations=12 (full 0):
 garbage-first heap   total 57344K, used 18181K [0x000000068b000000, 0x0000000800000000)
  region size 4096K, 1 young (4096K), 1 survivors (4096K)
 Metaspace       used 44746K, committed 45120K, reserved 1089536K
  class space    used 5458K, committed 5632K, reserved 1048576K
}
Event: 2.974 GC heap before
{Heap before GC invocations=12 (full 0):
 garbage-first heap   total 57344K, used 38661K [0x000000068b000000, 0x0000000800000000)
  region size 4096K, 6 young (24576K), 1 survivors (4096K)
 Metaspace       used 49953K, committed 50304K, reserved 1097728K
  class space    used 6362K, committed 6528K, reserved 1048576K
}
Event: 2.976 GC heap after
{Heap after GC invocations=13 (full 0):
 garbage-first heap   total 57344K, used 19127K [0x000000068b000000, 0x0000000800000000)
  region size 4096K, 1 young (4096K), 1 survivors (4096K)
 Metaspace       used 49953K, committed 50304K, reserved 1097728K
  class space    used 6362K, committed 6528K, reserved 1048576K
}
Event: 3.285 GC heap before
{Heap before GC invocations=13 (full 0):
 garbage-first heap   total 57344K, used 35511K [0x000000068b000000, 0x0000000800000000)
  region size 4096K, 5 young (20480K), 1 survivors (4096K)
 Metaspace       used 54637K, committed 54976K, reserved 1097728K
  class space    used 7068K, committed 7232K, reserved 1048576K
}
Event: 3.287 GC heap after
{Heap after GC invocations=14 (full 0):
 garbage-first heap   total 57344K, used 20059K [0x000000068b000000, 0x0000000800000000)
  region size 4096K, 1 young (4096K), 1 survivors (4096K)
 Metaspace       used 54637K, committed 54976K, reserved 1097728K
  class space    used 7068K, committed 7232K, reserved 1048576K
}
Event: 3.541 GC heap before
{Heap before GC invocations=14 (full 0):
 garbage-first heap   total 57344K, used 36443K [0x000000068b000000, 0x0000000800000000)
  region size 4096K, 5 young (20480K), 1 survivors (4096K)
 Metaspace       used 57923K, committed 58304K, reserved 1105920K
  class space    used 7532K, committed 7744K, reserved 1048576K
}
Event: 3.543 GC heap after
{Heap after GC invocations=15 (full 0):
 garbage-first heap   total 57344K, used 21017K [0x000000068b000000, 0x0000000800000000)
  region size 4096K, 1 young (4096K), 1 survivors (4096K)
 Metaspace       used 57923K, committed 58304K, reserved 1105920K
  class space    used 7532K, committed 7744K, reserved 1048576K
}

